<?xml version="1.0" encoding="UTF-8"?>
<!-- Generated by org.testng.reporters.JUnitReportReporter -->
<testsuite hostname="MININT-KA5C7LA" name="com.ts.main.InterpreteComandos" tests="3" failures="0" timestamp="1 Aug 2013 19:54:30 GMT" time="0.010" errors="0">
  <testcase name="pruebaParseComandos" time="0.000" classname="com.ts.main.InterpreteComandos"/>
  <testcase name="pruebaCargaArchivo" time="0.010" classname="com.ts.main.InterpreteComandos"/>
  <testcase name="pruebaParseEspacios" time="0.000" classname="com.ts.main.InterpreteComandos"/>
</testsuite> <!-- com.ts.main.InterpreteComandos -->
